SF:C:\Users\jeffb\Desktop\dev\dart\file_metadata\lib\src\util\dos_date_time.dart
DA:2,0
DA:4,2
DA:5,2
DA:6,0
DA:8,2
DA:9,0
DA:14,4
DA:15,4
DA:16,4
DA:18,2
DA:19,4
DA:20,6
DA:22,2
LF:13
LH:10
end_of_record
SF:C:\Users\jeffb\Desktop\dev\dart\file_metadata\lib\src\file_metadata_base.dart
DA:14,2
DA:21,0
DA:30,0
DA:31,0
DA:33,0
DA:34,0
DA:35,0
DA:38,0
DA:57,0
DA:59,0
DA:63,1
LF:11
LH:2
end_of_record
SF:C:\Users\jeffb\Desktop\dev\dart\file_metadata\lib\src\zip\central_directory.dart
DA:32,1
LF:1
LH:1
end_of_record
SF:C:\Users\jeffb\Desktop\dev\dart\file_metadata\lib\src\zip\compression_method.dart
DA:50,1
DA:51,1
DA:52,3
DA:53,0
LF:4
LH:3
end_of_record
SF:C:\Users\jeffb\Desktop\dev\dart\file_metadata\lib\src\zip\extra_field.dart
DA:7,1
DA:9,1
DA:10,1
DA:14,1
DA:15,1
DA:16,5
DA:17,1
DA:18,5
DA:19,1
DA:20,2
DA:21,1
DA:23,2
LF:12
LH:12
end_of_record
SF:C:\Users\jeffb\Desktop\dev\dart\file_metadata\lib\src\zip\zip_file_metadata.dart
DA:35,1
LF:1
LH:1
end_of_record
SF:C:\Users\jeffb\Desktop\dev\dart\file_metadata\lib\src\zip\zip_filename_metadata.dart
DA:6,0
DA:8,0
DA:9,0
DA:10,0
DA:12,0
DA:13,0
DA:14,0
DA:15,0
DA:17,0
DA:20,0
DA:23,0
DA:25,0
DA:27,0
DA:29,0
LF:14
LH:0
end_of_record
SF:C:\Users\jeffb\Desktop\dev\dart\file_metadata\lib\src\zip\zip_metadata.dart
DA:19,1
DA:32,1
DA:34,2
DA:40,1
DA:44,1
DA:47,2
DA:48,1
DA:49,1
DA:51,3
DA:52,2
DA:53,3
DA:55,1
DA:56,2
DA:60,2
DA:63,0
DA:68,1
DA:71,1
DA:74,4
DA:78,4
DA:81,4
DA:85,4
DA:88,4
DA:91,4
DA:94,4
DA:98,2
DA:101,1
DA:102,0
DA:105,1
DA:109,1
DA:111,2
DA:113,1
DA:116,4
DA:119,4
DA:123,4
DA:126,1
DA:127,4
DA:133,4
DA:134,4
DA:136,1
DA:140,1
DA:142,4
DA:145,4
DA:147,4
DA:150,4
DA:153,4
DA:156,4
DA:158,1
DA:160,1
DA:163,4
DA:165,2
DA:167,1
DA:168,1
DA:170,2
DA:174,2
DA:198,1
DA:208,1
DA:212,0
DA:213,0
DA:214,0
DA:225,0
DA:229,0
LF:61
LH:54
end_of_record
SF:C:\Users\jeffb\Desktop\dev\dart\file_metadata\lib\src\gguf\gguf_metadata.dart
DA:15,1
DA:20,3
DA:25,1
DA:27,3
DA:28,2
DA:31,3
DA:33,1
DA:34,1
DA:36,1
DA:37,1
DA:41,1
DA:43,1
DA:45,1
DA:46,1
DA:50,1
DA:51,1
DA:55,1
DA:68,1
DA:70,2
DA:75,1
DA:76,1
DA:79,1
DA:80,3
DA:83,1
DA:84,3
DA:87,1
DA:88,3
DA:90,1
DA:92,1
DA:96,2
DA:98,1
DA:99,3
DA:101,1
DA:102,1
DA:108,1
DA:109,3
DA:110,1
DA:113,1
DA:114,0
DA:116,1
DA:117,0
DA:119,1
DA:120,0
DA:122,1
DA:123,0
DA:125,1
DA:126,1
DA:128,1
DA:129,0
DA:131,1
DA:132,1
DA:134,1
DA:135,1
DA:136,1
DA:137,1
DA:139,1
DA:140,1
DA:142,0
DA:143,0
DA:145,0
DA:146,0
DA:148,0
DA:149,0
DA:152,2
DA:155,1
DA:159,2
DA:160,1
DA:161,1
DA:162,1
DA:163,2
DA:164,2
DA:166,1
DA:167,1
DA:169,1
DA:171,1
DA:172,1
DA:182,1
DA:191,0
DA:192,0
DA:195,0
DA:196,0
DA:199,1
LF:82
LH:67
end_of_record
SF:C:\Users\jeffb\Desktop\dev\dart\file_metadata\lib\src\gguf\gguf_filename_metdata.dart
DA:53,1
DA:68,4
DA:70,1
DA:73,1
DA:75,2
DA:76,1
DA:77,1
LF:7
LH:7
end_of_record
SF:C:\Users\jeffb\Desktop\dev\dart\file_metadata\lib\src\gguf\gguf_file_metadata.dart
DA:47,2
DA:48,2
DA:51,1
DA:70,1
LF:4
LH:4
end_of_record
SF:C:\Users\jeffb\Desktop\dev\dart\file_metadata\lib\src\gguf\file_type.dart
DA:30,1
DA:32,1
DA:34,1
DA:36,1
DA:38,1
DA:40,1
DA:42,1
DA:44,1
DA:46,1
DA:48,1
DA:50,1
DA:52,1
DA:54,1
DA:56,1
DA:58,1
DA:60,1
DA:62,1
DA:64,0
DA:66,0
DA:68,0
DA:71,0
DA:78,0
LF:22
LH:17
end_of_record
SF:C:\Users\jeffb\Desktop\dev\dart\file_metadata\lib\src\gguf\tensor_types.dart
DA:44,1
DA:46,1
DA:48,1
DA:50,1
DA:52,1
DA:54,1
DA:56,1
DA:58,1
DA:60,1
DA:62,1
DA:64,1
DA:66,1
DA:68,1
DA:70,1
DA:72,1
DA:74,1
DA:76,0
DA:78,0
DA:80,0
DA:82,0
DA:84,0
DA:86,0
DA:88,0
DA:90,0
DA:92,0
DA:94,0
DA:96,0
DA:98,0
DA:100,0
DA:102,0
DA:104,0
DA:107,0
DA:115,0
LF:33
LH:16
end_of_record
SF:C:\Users\jeffb\Desktop\dev\dart\file_metadata\lib\src\gguf\gguf_metadata_value_types.dart
DA:57,1
DA:59,1
DA:61,1
DA:63,1
DA:65,1
DA:67,1
DA:69,1
DA:71,1
DA:73,1
DA:75,1
DA:77,1
DA:79,0
DA:81,0
DA:83,0
DA:86,0
DA:95,0
LF:16
LH:11
end_of_record
SF:C:\Users\jeffb\Desktop\dev\dart\file_metadata\lib\src\gguf\parser.dart
DA:7,0
DA:9,0
DA:10,0
DA:12,0
DA:13,0
DA:15,0
DA:16,0
DA:18,0
DA:19,0
DA:21,1
DA:22,4
DA:24,1
DA:25,4
DA:27,1
DA:28,4
DA:30,0
DA:31,0
DA:33,1
DA:34,4
DA:36,0
DA:37,0
DA:39,1
DA:40,4
DA:41,3
DA:42,1
DA:45,1
DA:46,4
DA:47,2
DA:50,1
DA:51,1
DA:53,4
DA:54,1
DA:56,4
DA:59,1
DA:60,2
DA:61,1
DA:62,1
DA:66,1
DA:67,0
DA:68,0
DA:71,1
DA:72,0
DA:73,0
DA:76,1
DA:77,0
DA:78,0
DA:81,1
DA:82,0
DA:83,0
DA:86,1
DA:87,0
DA:88,0
DA:91,1
DA:92,0
DA:93,0
DA:96,1
DA:97,2
DA:98,2
DA:101,0
DA:102,0
DA:103,0
DA:106,0
DA:107,0
DA:108,0
DA:111,0
DA:112,0
DA:113,0
DA:116,0
DA:117,0
DA:118,0
DA:121,0
DA:122,0
DA:123,0
LF:73
LH:33
end_of_record
